<?xml version="1.0" encoding="UTF-8" ?>
<testsuites errors="1"
            failures="1"
            tests="3">

  <testsuite name="modelInstance"
    errors="1" failures="1" hostname="" id="" package="modelInstance" skipped="1"
    tests="3" time="0.000" timestamp="Thu, 12 Nov 2015 22:15:40 GMT">
  
    <testcase name="create Video Feature" time="14.33" assertions="2">

    

    
    </testcase>
      <system-err>
        Error while running [Model Instance / test Creating a Video Description Model Instance (step 1: arrange)]:
unexpected alert open
  (Session info: chrome=46.0.2490.80)
  (Driver info: chromedriver=2.20.353145 (343b531d31eeb933ec778dbcf7081628a1396067),platform=Windows NT 6.3 x86_64) (WARNING: The server did not provide any stacktrace information)
Command duration or timeout: 5 milliseconds: null
Build info: version: &#39;2.47.1&#39;, revision: &#39;411b314&#39;, time: &#39;2015-07-30 03:03:16&#39;
System info: host: &#39;JEVANS&#39;, ip: &#39;10.211.55.4&#39;, os.name: &#39;Windows 8.1&#39;, os.arch: &#39;x86&#39;, os.version: &#39;6.3&#39;, java.version: &#39;1.8.0_60&#39;
Driver info: org.openqa.selenium.chrome.ChromeDriver
Capabilities [{applicationCacheEnabled=false, rotatable=false, mobileEmulationEnabled=false, chrome={userDataDir=C:\Users\jevans.BLP\AppData\Local\Temp\scoped_dir9728_31628}, takesHeapSnapshot=true, databaseEnabled=false, handlesAlerts=true, hasTouchScreen=false, version=46.0.2490.80, platform=WIN8_1, browserConnectionEnabled=false, nativeEvents=true, acceptSslCerts=true, locationContextEnabled=true, webStorageEnabled=true, browserName=chrome, takesScreenshot=true, javascriptEnabled=true, cssSelectorsEnabled=true}]
Session ID: 5cd2baa4df36ed11009492220d682fcd
*** Element info: {Using=css selector, value=.save}

For more information about the error run with --verbose option.
Error while running [Model Instance / test Creating a Video Description Model Instance (step 1: arrange)]:
unexpected alert open
  (Session info: chrome=46.0.2490.80)
  (Driver info: chromedriver=2.20.353145 (343b531d31eeb933ec778dbcf7081628a1396067),platform=Windows NT 6.3 x86_64) (WARNING: The server did not provide any stacktrace information)
Command duration or timeout: 4 milliseconds: null
Build info: version: &#39;2.47.1&#39;, revision: &#39;411b314&#39;, time: &#39;2015-07-30 03:03:16&#39;
System info: host: &#39;JEVANS&#39;, ip: &#39;10.211.55.4&#39;, os.name: &#39;Windows 8.1&#39;, os.arch: &#39;x86&#39;, os.version: &#39;6.3&#39;, java.version: &#39;1.8.0_60&#39;
Driver info: org.openqa.selenium.chrome.ChromeDriver
Capabilities [{applicationCacheEnabled=false, rotatable=false, mobileEmulationEnabled=false, chrome={userDataDir=C:\Users\jevans.BLP\AppData\Local\Temp\scoped_dir9728_31628}, takesHeapSnapshot=true, databaseEnabled=false, handlesAlerts=true, hasTouchScreen=false, version=46.0.2490.80, platform=WIN8_1, browserConnectionEnabled=false, nativeEvents=true, acceptSslCerts=true, locationContextEnabled=true, webStorageEnabled=true, browserName=chrome, takesScreenshot=true, javascriptEnabled=true, cssSelectorsEnabled=true}]
Session ID: 5cd2baa4df36ed11009492220d682fcd
*** Element info: {Using=css selector, value=.save}

For more information about the error run with --verbose option.
Error while running [Model Instance / test Creating a Video Description Model Instance (step 1: arrange)]:
unexpected alert open
  (Session info: chrome=46.0.2490.80)
  (Driver info: chromedriver=2.20.353145 (343b531d31eeb933ec778dbcf7081628a1396067),platform=Windows NT 6.3 x86_64) (WARNING: The server did not provide any stacktrace information)
Command duration or timeout: 4 milliseconds: null
Build info: version: &#39;2.47.1&#39;, revision: &#39;411b314&#39;, time: &#39;2015-07-30 03:03:16&#39;
System info: host: &#39;JEVANS&#39;, ip: &#39;10.211.55.4&#39;, os.name: &#39;Windows 8.1&#39;, os.arch: &#39;x86&#39;, os.version: &#39;6.3&#39;, java.version: &#39;1.8.0_60&#39;
Driver info: org.openqa.selenium.chrome.ChromeDriver
Capabilities [{applicationCacheEnabled=false, rotatable=false, mobileEmulationEnabled=false, chrome={userDataDir=C:\Users\jevans.BLP\AppData\Local\Temp\scoped_dir9728_31628}, takesHeapSnapshot=true, databaseEnabled=false, handlesAlerts=true, hasTouchScreen=false, version=46.0.2490.80, platform=WIN8_1, browserConnectionEnabled=false, nativeEvents=true, acceptSslCerts=true, locationContextEnabled=true, webStorageEnabled=true, browserName=chrome, takesScreenshot=true, javascriptEnabled=true, cssSelectorsEnabled=true}]
Session ID: 5cd2baa4df36ed11009492220d682fcd
*** Element info: {Using=css selector, value=.save}

For more information about the error run with --verbose option.
Error while running [Model Instance / test Creating a Video Description Model Instance (step 1: arrange)]:
unexpected alert open
  (Session info: chrome=46.0.2490.80)
  (Driver info: chromedriver=2.20.353145 (343b531d31eeb933ec778dbcf7081628a1396067),platform=Windows NT 6.3 x86_64) (WARNING: The server did not provide any stacktrace information)
Command duration or timeout: 5 milliseconds: null
Build info: version: &#39;2.47.1&#39;, revision: &#39;411b314&#39;, time: &#39;2015-07-30 03:03:16&#39;
System info: host: &#39;JEVANS&#39;, ip: &#39;10.211.55.4&#39;, os.name: &#39;Windows 8.1&#39;, os.arch: &#39;x86&#39;, os.version: &#39;6.3&#39;, java.version: &#39;1.8.0_60&#39;
Driver info: org.openqa.selenium.chrome.ChromeDriver
Capabilities [{applicationCacheEnabled=false, rotatable=false, mobileEmulationEnabled=false, chrome={userDataDir=C:\Users\jevans.BLP\AppData\Local\Temp\scoped_dir9728_31628}, takesHeapSnapshot=true, databaseEnabled=false, handlesAlerts=true, hasTouchScreen=false, version=46.0.2490.80, platform=WIN8_1, browserConnectionEnabled=false, nativeEvents=true, acceptSslCerts=true, locationContextEnabled=true, webStorageEnabled=true, browserName=chrome, takesScreenshot=true, javascriptEnabled=true, cssSelectorsEnabled=true}]
Session ID: 5cd2baa4df36ed11009492220d682fcd
*** Element info: {Using=css selector, value=.save}

For more information about the error run with --verbose option.
Error while running [Model Instance / test Creating a Video Description Model Instance (step 1: arrange)]:
unexpected alert open
  (Session info: chrome=46.0.2490.80)
  (Driver info: chromedriver=2.20.353145 (343b531d31eeb933ec778dbcf7081628a1396067),platform=Windows NT 6.3 x86_64) (WARNING: The server did not provide any stacktrace information)
Command duration or timeout: 3 milliseconds: null
Build info: version: &#39;2.47.1&#39;, revision: &#39;411b314&#39;, time: &#39;2015-07-30 03:03:16&#39;
System info: host: &#39;JEVANS&#39;, ip: &#39;10.211.55.4&#39;, os.name: &#39;Windows 8.1&#39;, os.arch: &#39;x86&#39;, os.version: &#39;6.3&#39;, java.version: &#39;1.8.0_60&#39;
Driver info: org.openqa.selenium.chrome.ChromeDriver
Capabilities [{applicationCacheEnabled=false, rotatable=false, mobileEmulationEnabled=false, chrome={userDataDir=C:\Users\jevans.BLP\AppData\Local\Temp\scoped_dir9728_31628}, takesHeapSnapshot=true, databaseEnabled=false, handlesAlerts=true, hasTouchScreen=false, version=46.0.2490.80, platform=WIN8_1, browserConnectionEnabled=false, nativeEvents=true, acceptSslCerts=true, locationContextEnabled=true, webStorageEnabled=true, browserName=chrome, takesScreenshot=true, javascriptEnabled=true, cssSelectorsEnabled=true}]
Session ID: 5cd2baa4df36ed11009492220d682fcd
*** Element info: {Using=css selector, value=.save}

For more information about the error run with --verbose option.
Error while running [Model Instance / test Creating a Video Description Model Instance (step 1: arrange)]:
unexpected alert open
  (Session info: chrome=46.0.2490.80)
  (Driver info: chromedriver=2.20.353145 (343b531d31eeb933ec778dbcf7081628a1396067),platform=Windows NT 6.3 x86_64) (WARNING: The server did not provide any stacktrace information)
Command duration or timeout: 4 milliseconds: null
Build info: version: &#39;2.47.1&#39;, revision: &#39;411b314&#39;, time: &#39;2015-07-30 03:03:16&#39;
System info: host: &#39;JEVANS&#39;, ip: &#39;10.211.55.4&#39;, os.name: &#39;Windows 8.1&#39;, os.arch: &#39;x86&#39;, os.version: &#39;6.3&#39;, java.version: &#39;1.8.0_60&#39;
Driver info: org.openqa.selenium.chrome.ChromeDriver
Capabilities [{applicationCacheEnabled=false, rotatable=false, mobileEmulationEnabled=false, chrome={userDataDir=C:\Users\jevans.BLP\AppData\Local\Temp\scoped_dir9728_31628}, takesHeapSnapshot=true, databaseEnabled=false, handlesAlerts=true, hasTouchScreen=false, version=46.0.2490.80, platform=WIN8_1, browserConnectionEnabled=false, nativeEvents=true, acceptSslCerts=true, locationContextEnabled=true, webStorageEnabled=true, browserName=chrome, takesScreenshot=true, javascriptEnabled=true, cssSelectorsEnabled=true}]
Session ID: 5cd2baa4df36ed11009492220d682fcd
*** Element info: {Using=css selector, value=.save}

For more information about the error run with --verbose option.
Error while running [Model Instance / test Creating a Video Description Model Instance (step 1: arrange)]:
unexpected alert open
  (Session info: chrome=46.0.2490.80)
  (Driver info: chromedriver=2.20.353145 (343b531d31eeb933ec778dbcf7081628a1396067),platform=Windows NT 6.3 x86_64) (WARNING: The server did not provide any stacktrace information)
Command duration or timeout: 7 milliseconds: null
Build info: version: &#39;2.47.1&#39;, revision: &#39;411b314&#39;, time: &#39;2015-07-30 03:03:16&#39;
System info: host: &#39;JEVANS&#39;, ip: &#39;10.211.55.4&#39;, os.name: &#39;Windows 8.1&#39;, os.arch: &#39;x86&#39;, os.version: &#39;6.3&#39;, java.version: &#39;1.8.0_60&#39;
Driver info: org.openqa.selenium.chrome.ChromeDriver
Capabilities [{applicationCacheEnabled=false, rotatable=false, mobileEmulationEnabled=false, chrome={userDataDir=C:\Users\jevans.BLP\AppData\Local\Temp\scoped_dir9728_31628}, takesHeapSnapshot=true, databaseEnabled=false, handlesAlerts=true, hasTouchScreen=false, version=46.0.2490.80, platform=WIN8_1, browserConnectionEnabled=false, nativeEvents=true, acceptSslCerts=true, locationContextEnabled=true, webStorageEnabled=true, browserName=chrome, takesScreenshot=true, javascriptEnabled=true, cssSelectorsEnabled=true}]
Session ID: 5cd2baa4df36ed11009492220d682fcd
*** Element info: {Using=css selector, value=.save}

For more information about the error run with --verbose option.
      </system-err>
  
    <testcase name="test Creating a Video Description Model Instance (step 1: arrange)" time="21.13" assertions="6">

    

    

    

    

      <failure message="Timed out while waiting for element &lt;.save&gt; to be present for 10000 milliseconds.">AssertionError: Timed out while waiting for element &lt;.save&gt; to be present for 10000 milliseconds.
    at Object.module.exports.test Creating a Video Description Model Instance (step 1: arrange) (C:\code\project\nightwatch\tests\modelInstance.js:82:4)
    at Module.call (C:\Users\jevans.BLP\AppData\Roaming\npm\node_modules\nightwatch\lib\runner\module.js:60:34)
    at C:\Users\jevans.BLP\AppData\Roaming\npm\node_modules\nightwatch\lib\runner\testcase.js:102:29
    at _fulfilled (C:\Users\jevans.BLP\AppData\Roaming\npm\node_modules\nightwatch\node_modules\q\q.js:834:54)
    at self.promiseDispatch.done (C:\Users\jevans.BLP\AppData\Roaming\npm\node_modules\nightwatch\node_modules\q\q.js:863:30)
    at Promise.promise.promiseDispatch (C:\Users\jevans.BLP\AppData\Roaming\npm\node_modules\nightwatch\node_modules\q\q.js:796:13)
    at C:\Users\jevans.BLP\AppData\Roaming\npm\node_modules\nightwatch\node_modules\q\q.js:556:49
    at runSingle (C:\Users\jevans.BLP\AppData\Roaming\npm\node_modules\nightwatch\node_modules\q\q.js:137:13)
    at flush (C:\Users\jevans.BLP\AppData\Roaming\npm\node_modules\nightwatch\node_modules\q\q.js:125:13)
    at process._tickCallback (node.js:355:11)</failure>

    
    </testcase>
      <system-err>
        Error while running [Model Instance / test Creating a Video Description Model Instance (step 1: arrange)]:
unexpected alert open
  (Session info: chrome=46.0.2490.80)
  (Driver info: chromedriver=2.20.353145 (343b531d31eeb933ec778dbcf7081628a1396067),platform=Windows NT 6.3 x86_64) (WARNING: The server did not provide any stacktrace information)
Command duration or timeout: 5 milliseconds: null
Build info: version: &#39;2.47.1&#39;, revision: &#39;411b314&#39;, time: &#39;2015-07-30 03:03:16&#39;
System info: host: &#39;JEVANS&#39;, ip: &#39;10.211.55.4&#39;, os.name: &#39;Windows 8.1&#39;, os.arch: &#39;x86&#39;, os.version: &#39;6.3&#39;, java.version: &#39;1.8.0_60&#39;
Driver info: org.openqa.selenium.chrome.ChromeDriver
Capabilities [{applicationCacheEnabled=false, rotatable=false, mobileEmulationEnabled=false, chrome={userDataDir=C:\Users\jevans.BLP\AppData\Local\Temp\scoped_dir9728_31628}, takesHeapSnapshot=true, databaseEnabled=false, handlesAlerts=true, hasTouchScreen=false, version=46.0.2490.80, platform=WIN8_1, browserConnectionEnabled=false, nativeEvents=true, acceptSslCerts=true, locationContextEnabled=true, webStorageEnabled=true, browserName=chrome, takesScreenshot=true, javascriptEnabled=true, cssSelectorsEnabled=true}]
Session ID: 5cd2baa4df36ed11009492220d682fcd
*** Element info: {Using=css selector, value=.save}

For more information about the error run with --verbose option.
Error while running [Model Instance / test Creating a Video Description Model Instance (step 1: arrange)]:
unexpected alert open
  (Session info: chrome=46.0.2490.80)
  (Driver info: chromedriver=2.20.353145 (343b531d31eeb933ec778dbcf7081628a1396067),platform=Windows NT 6.3 x86_64) (WARNING: The server did not provide any stacktrace information)
Command duration or timeout: 4 milliseconds: null
Build info: version: &#39;2.47.1&#39;, revision: &#39;411b314&#39;, time: &#39;2015-07-30 03:03:16&#39;
System info: host: &#39;JEVANS&#39;, ip: &#39;10.211.55.4&#39;, os.name: &#39;Windows 8.1&#39;, os.arch: &#39;x86&#39;, os.version: &#39;6.3&#39;, java.version: &#39;1.8.0_60&#39;
Driver info: org.openqa.selenium.chrome.ChromeDriver
Capabilities [{applicationCacheEnabled=false, rotatable=false, mobileEmulationEnabled=false, chrome={userDataDir=C:\Users\jevans.BLP\AppData\Local\Temp\scoped_dir9728_31628}, takesHeapSnapshot=true, databaseEnabled=false, handlesAlerts=true, hasTouchScreen=false, version=46.0.2490.80, platform=WIN8_1, browserConnectionEnabled=false, nativeEvents=true, acceptSslCerts=true, locationContextEnabled=true, webStorageEnabled=true, browserName=chrome, takesScreenshot=true, javascriptEnabled=true, cssSelectorsEnabled=true}]
Session ID: 5cd2baa4df36ed11009492220d682fcd
*** Element info: {Using=css selector, value=.save}

For more information about the error run with --verbose option.
Error while running [Model Instance / test Creating a Video Description Model Instance (step 1: arrange)]:
unexpected alert open
  (Session info: chrome=46.0.2490.80)
  (Driver info: chromedriver=2.20.353145 (343b531d31eeb933ec778dbcf7081628a1396067),platform=Windows NT 6.3 x86_64) (WARNING: The server did not provide any stacktrace information)
Command duration or timeout: 4 milliseconds: null
Build info: version: &#39;2.47.1&#39;, revision: &#39;411b314&#39;, time: &#39;2015-07-30 03:03:16&#39;
System info: host: &#39;JEVANS&#39;, ip: &#39;10.211.55.4&#39;, os.name: &#39;Windows 8.1&#39;, os.arch: &#39;x86&#39;, os.version: &#39;6.3&#39;, java.version: &#39;1.8.0_60&#39;
Driver info: org.openqa.selenium.chrome.ChromeDriver
Capabilities [{applicationCacheEnabled=false, rotatable=false, mobileEmulationEnabled=false, chrome={userDataDir=C:\Users\jevans.BLP\AppData\Local\Temp\scoped_dir9728_31628}, takesHeapSnapshot=true, databaseEnabled=false, handlesAlerts=true, hasTouchScreen=false, version=46.0.2490.80, platform=WIN8_1, browserConnectionEnabled=false, nativeEvents=true, acceptSslCerts=true, locationContextEnabled=true, webStorageEnabled=true, browserName=chrome, takesScreenshot=true, javascriptEnabled=true, cssSelectorsEnabled=true}]
Session ID: 5cd2baa4df36ed11009492220d682fcd
*** Element info: {Using=css selector, value=.save}

For more information about the error run with --verbose option.
Error while running [Model Instance / test Creating a Video Description Model Instance (step 1: arrange)]:
unexpected alert open
  (Session info: chrome=46.0.2490.80)
  (Driver info: chromedriver=2.20.353145 (343b531d31eeb933ec778dbcf7081628a1396067),platform=Windows NT 6.3 x86_64) (WARNING: The server did not provide any stacktrace information)
Command duration or timeout: 5 milliseconds: null
Build info: version: &#39;2.47.1&#39;, revision: &#39;411b314&#39;, time: &#39;2015-07-30 03:03:16&#39;
System info: host: &#39;JEVANS&#39;, ip: &#39;10.211.55.4&#39;, os.name: &#39;Windows 8.1&#39;, os.arch: &#39;x86&#39;, os.version: &#39;6.3&#39;, java.version: &#39;1.8.0_60&#39;
Driver info: org.openqa.selenium.chrome.ChromeDriver
Capabilities [{applicationCacheEnabled=false, rotatable=false, mobileEmulationEnabled=false, chrome={userDataDir=C:\Users\jevans.BLP\AppData\Local\Temp\scoped_dir9728_31628}, takesHeapSnapshot=true, databaseEnabled=false, handlesAlerts=true, hasTouchScreen=false, version=46.0.2490.80, platform=WIN8_1, browserConnectionEnabled=false, nativeEvents=true, acceptSslCerts=true, locationContextEnabled=true, webStorageEnabled=true, browserName=chrome, takesScreenshot=true, javascriptEnabled=true, cssSelectorsEnabled=true}]
Session ID: 5cd2baa4df36ed11009492220d682fcd
*** Element info: {Using=css selector, value=.save}

For more information about the error run with --verbose option.
Error while running [Model Instance / test Creating a Video Description Model Instance (step 1: arrange)]:
unexpected alert open
  (Session info: chrome=46.0.2490.80)
  (Driver info: chromedriver=2.20.353145 (343b531d31eeb933ec778dbcf7081628a1396067),platform=Windows NT 6.3 x86_64) (WARNING: The server did not provide any stacktrace information)
Command duration or timeout: 3 milliseconds: null
Build info: version: &#39;2.47.1&#39;, revision: &#39;411b314&#39;, time: &#39;2015-07-30 03:03:16&#39;
System info: host: &#39;JEVANS&#39;, ip: &#39;10.211.55.4&#39;, os.name: &#39;Windows 8.1&#39;, os.arch: &#39;x86&#39;, os.version: &#39;6.3&#39;, java.version: &#39;1.8.0_60&#39;
Driver info: org.openqa.selenium.chrome.ChromeDriver
Capabilities [{applicationCacheEnabled=false, rotatable=false, mobileEmulationEnabled=false, chrome={userDataDir=C:\Users\jevans.BLP\AppData\Local\Temp\scoped_dir9728_31628}, takesHeapSnapshot=true, databaseEnabled=false, handlesAlerts=true, hasTouchScreen=false, version=46.0.2490.80, platform=WIN8_1, browserConnectionEnabled=false, nativeEvents=true, acceptSslCerts=true, locationContextEnabled=true, webStorageEnabled=true, browserName=chrome, takesScreenshot=true, javascriptEnabled=true, cssSelectorsEnabled=true}]
Session ID: 5cd2baa4df36ed11009492220d682fcd
*** Element info: {Using=css selector, value=.save}

For more information about the error run with --verbose option.
Error while running [Model Instance / test Creating a Video Description Model Instance (step 1: arrange)]:
unexpected alert open
  (Session info: chrome=46.0.2490.80)
  (Driver info: chromedriver=2.20.353145 (343b531d31eeb933ec778dbcf7081628a1396067),platform=Windows NT 6.3 x86_64) (WARNING: The server did not provide any stacktrace information)
Command duration or timeout: 4 milliseconds: null
Build info: version: &#39;2.47.1&#39;, revision: &#39;411b314&#39;, time: &#39;2015-07-30 03:03:16&#39;
System info: host: &#39;JEVANS&#39;, ip: &#39;10.211.55.4&#39;, os.name: &#39;Windows 8.1&#39;, os.arch: &#39;x86&#39;, os.version: &#39;6.3&#39;, java.version: &#39;1.8.0_60&#39;
Driver info: org.openqa.selenium.chrome.ChromeDriver
Capabilities [{applicationCacheEnabled=false, rotatable=false, mobileEmulationEnabled=false, chrome={userDataDir=C:\Users\jevans.BLP\AppData\Local\Temp\scoped_dir9728_31628}, takesHeapSnapshot=true, databaseEnabled=false, handlesAlerts=true, hasTouchScreen=false, version=46.0.2490.80, platform=WIN8_1, browserConnectionEnabled=false, nativeEvents=true, acceptSslCerts=true, locationContextEnabled=true, webStorageEnabled=true, browserName=chrome, takesScreenshot=true, javascriptEnabled=true, cssSelectorsEnabled=true}]
Session ID: 5cd2baa4df36ed11009492220d682fcd
*** Element info: {Using=css selector, value=.save}

For more information about the error run with --verbose option.
Error while running [Model Instance / test Creating a Video Description Model Instance (step 1: arrange)]:
unexpected alert open
  (Session info: chrome=46.0.2490.80)
  (Driver info: chromedriver=2.20.353145 (343b531d31eeb933ec778dbcf7081628a1396067),platform=Windows NT 6.3 x86_64) (WARNING: The server did not provide any stacktrace information)
Command duration or timeout: 7 milliseconds: null
Build info: version: &#39;2.47.1&#39;, revision: &#39;411b314&#39;, time: &#39;2015-07-30 03:03:16&#39;
System info: host: &#39;JEVANS&#39;, ip: &#39;10.211.55.4&#39;, os.name: &#39;Windows 8.1&#39;, os.arch: &#39;x86&#39;, os.version: &#39;6.3&#39;, java.version: &#39;1.8.0_60&#39;
Driver info: org.openqa.selenium.chrome.ChromeDriver
Capabilities [{applicationCacheEnabled=false, rotatable=false, mobileEmulationEnabled=false, chrome={userDataDir=C:\Users\jevans.BLP\AppData\Local\Temp\scoped_dir9728_31628}, takesHeapSnapshot=true, databaseEnabled=false, handlesAlerts=true, hasTouchScreen=false, version=46.0.2490.80, platform=WIN8_1, browserConnectionEnabled=false, nativeEvents=true, acceptSslCerts=true, locationContextEnabled=true, webStorageEnabled=true, browserName=chrome, takesScreenshot=true, javascriptEnabled=true, cssSelectorsEnabled=true}]
Session ID: 5cd2baa4df36ed11009492220d682fcd
*** Element info: {Using=css selector, value=.save}

For more information about the error run with --verbose option.
      </system-err>
  
  
    
    <testcase
      name="test Video Description Model Instance (step 2: arrange)">
      <skipped />
    </testcase>
    
  
  </testsuite>
</testsuites>
