<?xml version="1.0" encoding="UTF-8" ?>
<testsuites errors="1"
            failures="1"
            tests="3">

  <testsuite name="modelInstance"
    errors="1" failures="1" hostname="" id="" package="modelInstance" skipped="0"
    tests="3" time="0.000" timestamp="Thu, 12 Nov 2015 20:50:18 GMT">
  
    <testcase name="create Video Feature" time="17.11" assertions="2">

    

    
    </testcase>
      <system-err>
        Error while running [Model Instance / create Video Feature]:
Unable to locate element: {&quot;method&quot;:&quot;css selector&quot;,&quot;selector&quot;:&quot;input[name=&#39;PageName18&#39;&quot;}
For documentation on this error, please visit: http://seleniumhq.org/exceptions/no_such_element.html
Build info: version: &#39;2.47.1&#39;, revision: &#39;411b314&#39;, time: &#39;2015-07-30 03:03:16&#39;
System info: host: &#39;JEVANS&#39;, ip: &#39;10.211.55.4&#39;, os.name: &#39;Windows 8.1&#39;, os.arch: &#39;x86&#39;, os.version: &#39;6.3&#39;, java.version: &#39;1.8.0_60&#39;
Driver info: driver.version: unknown

For more information about the error run with --verbose option.
Unable to locate element: &quot;input[name=&#39;PageName18&#39;&quot; using: css selector
      </system-err>
  
    <testcase name="test Creating a Video Description Model Instance (step 1: arrange)" time="3.212" assertions="6">

    

    

    

    

    

    
    </testcase>
      <system-err>
        Error while running [Model Instance / create Video Feature]:
Unable to locate element: {&quot;method&quot;:&quot;css selector&quot;,&quot;selector&quot;:&quot;input[name=&#39;PageName18&#39;&quot;}
For documentation on this error, please visit: http://seleniumhq.org/exceptions/no_such_element.html
Build info: version: &#39;2.47.1&#39;, revision: &#39;411b314&#39;, time: &#39;2015-07-30 03:03:16&#39;
System info: host: &#39;JEVANS&#39;, ip: &#39;10.211.55.4&#39;, os.name: &#39;Windows 8.1&#39;, os.arch: &#39;x86&#39;, os.version: &#39;6.3&#39;, java.version: &#39;1.8.0_60&#39;
Driver info: driver.version: unknown

For more information about the error run with --verbose option.
Unable to locate element: &quot;input[name=&#39;PageName18&#39;&quot; using: css selector
      </system-err>
  
    <testcase name="test Video Description Model Instance (step 2: arrange)" time="10.88" assertions="1">  <failure message="Timed out while waiting for element &lt;#campaign-creatives&gt; to be present for 10000 milliseconds.">AssertionError: Timed out while waiting for element &lt;#campaign-creatives&gt; to be present for 10000 milliseconds.
    at Object.module.exports.test Video Description Model Instance (step 2: arrange) (C:\code\project\nightwatch\tests\modelInstance.js:86:4)
    at Module.call (C:\Users\jevans.BLP\AppData\Roaming\npm\node_modules\nightwatch\lib\runner\module.js:60:34)
    at C:\Users\jevans.BLP\AppData\Roaming\npm\node_modules\nightwatch\lib\runner\testcase.js:102:29
    at _fulfilled (C:\Users\jevans.BLP\AppData\Roaming\npm\node_modules\nightwatch\node_modules\q\q.js:834:54)
    at self.promiseDispatch.done (C:\Users\jevans.BLP\AppData\Roaming\npm\node_modules\nightwatch\node_modules\q\q.js:863:30)
    at Promise.promise.promiseDispatch (C:\Users\jevans.BLP\AppData\Roaming\npm\node_modules\nightwatch\node_modules\q\q.js:796:13)
    at C:\Users\jevans.BLP\AppData\Roaming\npm\node_modules\nightwatch\node_modules\q\q.js:556:49
    at runSingle (C:\Users\jevans.BLP\AppData\Roaming\npm\node_modules\nightwatch\node_modules\q\q.js:137:13)
    at flush (C:\Users\jevans.BLP\AppData\Roaming\npm\node_modules\nightwatch\node_modules\q\q.js:125:13)
    at process._tickCallback (node.js:355:11)</failure>

    
    </testcase>
      <system-err>
        Error while running [Model Instance / create Video Feature]:
Unable to locate element: {&quot;method&quot;:&quot;css selector&quot;,&quot;selector&quot;:&quot;input[name=&#39;PageName18&#39;&quot;}
For documentation on this error, please visit: http://seleniumhq.org/exceptions/no_such_element.html
Build info: version: &#39;2.47.1&#39;, revision: &#39;411b314&#39;, time: &#39;2015-07-30 03:03:16&#39;
System info: host: &#39;JEVANS&#39;, ip: &#39;10.211.55.4&#39;, os.name: &#39;Windows 8.1&#39;, os.arch: &#39;x86&#39;, os.version: &#39;6.3&#39;, java.version: &#39;1.8.0_60&#39;
Driver info: driver.version: unknown

For more information about the error run with --verbose option.
Unable to locate element: &quot;input[name=&#39;PageName18&#39;&quot; using: css selector
      </system-err>
  
  
  </testsuite>
</testsuites>
