<?xml version="1.0" encoding="UTF-8" ?>
<testsuites errors="0"
            failures="1"
            tests="19">

  <testsuite name="destinationCreative"
    errors="0" failures="1" hostname="" id="" package="destinationCreative" skipped="18"
    tests="19" time="0.000" timestamp="Tue, 22 Sep 2015 15:42:11 GMT">
  
    <testcase name="test deleting feature removes feature, before saving" time="21.20" assertions="2">

      <failure message="Timed out while waiting for element &lt;#ddFeaturesAdd&gt; to be present for 10000 milliseconds.">AssertionError: Timed out while waiting for element &lt;#ddFeaturesAdd&gt; to be present for 10000 milliseconds.
    at Object.module.exports.test deleting feature removes feature, before saving (C:\code\project\brightline\tests\brightline.acceptancetesting\tests\destinationCreative.js:33:4)
    at Module.call (C:\Users\jevans.BLP\AppData\Roaming\npm\node_modules\nightwatch\lib\runner\module.js:60:34)
    at C:\Users\jevans.BLP\AppData\Roaming\npm\node_modules\nightwatch\lib\runner\testcase.js:102:29
    at _fulfilled (C:\Users\jevans.BLP\AppData\Roaming\npm\node_modules\nightwatch\node_modules\q\q.js:834:54)
    at self.promiseDispatch.done (C:\Users\jevans.BLP\AppData\Roaming\npm\node_modules\nightwatch\node_modules\q\q.js:863:30)
    at Promise.promise.promiseDispatch (C:\Users\jevans.BLP\AppData\Roaming\npm\node_modules\nightwatch\node_modules\q\q.js:796:13)
    at C:\Users\jevans.BLP\AppData\Roaming\npm\node_modules\nightwatch\node_modules\q\q.js:556:49
    at runSingle (C:\Users\jevans.BLP\AppData\Roaming\npm\node_modules\nightwatch\node_modules\q\q.js:137:13)
    at flush (C:\Users\jevans.BLP\AppData\Roaming\npm\node_modules\nightwatch\node_modules\q\q.js:125:13)
    at process._tickCallback (node.js:355:11)</failure>

    
    </testcase>
      <system-err>
        Error while running [Campaign / test campaign create with blank fields causing validation errors]:
Unable to locate element: {&quot;method&quot;:&quot;css selector&quot;,&quot;selector&quot;:&quot;#submitBtn&quot;}
For documentation on this error, please visit: http://seleniumhq.org/exceptions/no_such_element.html
Build info: version: &#39;2.47.1&#39;, revision: &#39;411b314&#39;, time: &#39;2015-07-30 03:03:16&#39;
System info: host: &#39;JEVANS&#39;, ip: &#39;10.211.55.4&#39;, os.name: &#39;Windows 8.1&#39;, os.arch: &#39;x86&#39;, os.version: &#39;6.3&#39;, java.version: &#39;1.8.0_60&#39;
Driver info: driver.version: unknown

For more information about the error run with --verbose option.
Unable to locate element: &quot;#submitBtn&quot; using: css selector
Error while running [Campaign / test campaign create with blank fields causing validation errors]:
Unable to locate element: {&quot;method&quot;:&quot;css selector&quot;,&quot;selector&quot;:&quot;.validation-summary-errors&quot;}
For documentation on this error, please visit: http://seleniumhq.org/exceptions/no_such_element.html
Build info: version: &#39;2.47.1&#39;, revision: &#39;411b314&#39;, time: &#39;2015-07-30 03:03:16&#39;
System info: host: &#39;JEVANS&#39;, ip: &#39;10.211.55.4&#39;, os.name: &#39;Windows 8.1&#39;, os.arch: &#39;x86&#39;, os.version: &#39;6.3&#39;, java.version: &#39;1.8.0_60&#39;
Driver info: driver.version: unknown

For more information about the error run with --verbose option.
Unable to locate element: &quot;.validation-summary-errors&quot; using: css selector
      </system-err>
  
  
    
    <testcase
      name="test deleting feature among a list of features will remove the correct feature, before saving">
      <skipped />
    </testcase>
    
    <testcase
      name="test creating a destination creative with only name and description">
      <skipped />
    </testcase>
    
    <testcase
      name="test existing creative has correct name and description">
      <skipped />
    </testcase>
    
    <testcase
      name="test new creative cannot use a name that exists for another creative">
      <skipped />
    </testcase>
    
    <testcase
      name="test Calculator feature has correct properties (step 1: arrange)">
      <skipped />
    </testcase>
    
    <testcase
      name="test Calculator feature has correct properties (step 2: assert)">
      <skipped />
    </testcase>
    
    <testcase
      name="test Combination feature has correct properties (step 1: arrange)">
      <skipped />
    </testcase>
    
    <testcase
      name="test Combination feature has correct properties (step 2: assert)">
      <skipped />
    </testcase>
    
    <testcase
      name="test Image feature has correct properties (step 1: arrange)">
      <skipped />
    </testcase>
    
    <testcase
      name="test Image feature has correct properties (step 2: assert)">
      <skipped />
    </testcase>
    
    <testcase
      name="test Questionaire feature has correct properties (step 1: arrange)">
      <skipped />
    </testcase>
    
    <testcase
      name="test Questionaire feature has correct properties (step 2: assert)">
      <skipped />
    </testcase>
    
    <testcase
      name="test Video feature has correct properties (step 1: arrange)">
      <skipped />
    </testcase>
    
    <testcase
      name="test Video feature has correct properties (step 2: assert)">
      <skipped />
    </testcase>
    
    <testcase
      name="test model instances are empty for Description model for Video feature">
      <skipped />
    </testcase>
    
    <testcase
      name="test model instances create errors if header image not supplied for Description model for Video feature">
      <skipped />
    </testcase>
    
    <testcase
      name="test switching between new creative feature pages displays correct page fields">
      <skipped />
    </testcase>
    
    <testcase
      name="test switching between new creative feature pages clears page field value after switching back">
      <skipped />
    </testcase>
    
  
  </testsuite>
</testsuites>
