<?xml version="1.0" encoding="UTF-8" ?>
<testsuites errors="1"
            failures="1"
            tests="5">

  <testsuite name="campaign"
    errors="1" failures="1" hostname="" id="" package="campaign" skipped="4"
    tests="5" time="0.000" timestamp="Tue, 22 Sep 2015 15:41:50 GMT">
  
    <testcase name="test campaign create with blank fields causing validation errors" time="24.47" assertions="2">

      <failure message="Testing if element &lt;.validation-summary-errors&gt; contains text: &quot;Name is required.&quot;. Element could not be located.">AssertionError: Testing if element &lt;.validation-summary-errors&gt; contains text: &quot;Name is required.&quot;. Element could not be located.
    at Object.module.exports.test campaign create with blank fields causing validation errors (C:\code\project\brightline\tests\brightline.acceptancetesting\tests\campaign.js:28:11)
    at Module.call (C:\Users\jevans.BLP\AppData\Roaming\npm\node_modules\nightwatch\lib\runner\module.js:60:34)
    at C:\Users\jevans.BLP\AppData\Roaming\npm\node_modules\nightwatch\lib\runner\testcase.js:102:29
    at _fulfilled (C:\Users\jevans.BLP\AppData\Roaming\npm\node_modules\nightwatch\node_modules\q\q.js:834:54)
    at self.promiseDispatch.done (C:\Users\jevans.BLP\AppData\Roaming\npm\node_modules\nightwatch\node_modules\q\q.js:863:30)
    at Promise.promise.promiseDispatch (C:\Users\jevans.BLP\AppData\Roaming\npm\node_modules\nightwatch\node_modules\q\q.js:796:13)
    at C:\Users\jevans.BLP\AppData\Roaming\npm\node_modules\nightwatch\node_modules\q\q.js:556:49
    at runSingle (C:\Users\jevans.BLP\AppData\Roaming\npm\node_modules\nightwatch\node_modules\q\q.js:137:13)
    at flush (C:\Users\jevans.BLP\AppData\Roaming\npm\node_modules\nightwatch\node_modules\q\q.js:125:13)
    at process._tickCallback (node.js:355:11)</failure>

    
    </testcase>
      <system-err>
        Error while running [Campaign / test campaign create with blank fields causing validation errors]:
Unable to locate element: {&quot;method&quot;:&quot;css selector&quot;,&quot;selector&quot;:&quot;#submitBtn&quot;}
For documentation on this error, please visit: http://seleniumhq.org/exceptions/no_such_element.html
Build info: version: &#39;2.47.1&#39;, revision: &#39;411b314&#39;, time: &#39;2015-07-30 03:03:16&#39;
System info: host: &#39;JEVANS&#39;, ip: &#39;10.211.55.4&#39;, os.name: &#39;Windows 8.1&#39;, os.arch: &#39;x86&#39;, os.version: &#39;6.3&#39;, java.version: &#39;1.8.0_60&#39;
Driver info: driver.version: unknown

For more information about the error run with --verbose option.
Unable to locate element: &quot;#submitBtn&quot; using: css selector
Error while running [Campaign / test campaign create with blank fields causing validation errors]:
Unable to locate element: {&quot;method&quot;:&quot;css selector&quot;,&quot;selector&quot;:&quot;.validation-summary-errors&quot;}
For documentation on this error, please visit: http://seleniumhq.org/exceptions/no_such_element.html
Build info: version: &#39;2.47.1&#39;, revision: &#39;411b314&#39;, time: &#39;2015-07-30 03:03:16&#39;
System info: host: &#39;JEVANS&#39;, ip: &#39;10.211.55.4&#39;, os.name: &#39;Windows 8.1&#39;, os.arch: &#39;x86&#39;, os.version: &#39;6.3&#39;, java.version: &#39;1.8.0_60&#39;
Driver info: driver.version: unknown

For more information about the error run with --verbose option.
Unable to locate element: &quot;.validation-summary-errors&quot; using: css selector
      </system-err>
  
  
    
    <testcase
      name="test campaign create saves correctly">
      <skipped />
    </testcase>
    
    <testcase
      name="test campaign has correct field values (1)">
      <skipped />
    </testcase>
    
    <testcase
      name="test campaign edit saves correctly">
      <skipped />
    </testcase>
    
    <testcase
      name="test campaign has correct field values (2)">
      <skipped />
    </testcase>
    
  
  </testsuite>
</testsuites>
